#
# There is insufficient memory for the Java Runtime Environment to continue.
# Native memory allocation (mmap) failed to map 264241152 bytes. Error detail: G1 virtual space
# Possible reasons:
#   The system is out of physical RAM or swap space
#   This process is running with CompressedOops enabled, and the Java Heap may be blocking the growth of the native heap
# Possible solutions:
#   Reduce memory load on the system
#   Increase physical memory or swap space
#   Check if swap backing store is full
#   Decrease Java heap size (-Xmx/-Xms)
#   Decrease number of Java threads
#   Decrease Java thread stack sizes (-Xss)
#   Set larger code cache with -XX:ReservedCodeCacheSize=
#   JVM is running with Zero Based Compressed Oops mode in which the Java heap is
#     placed in the first 32GB address space. The Java Heap base address is the
#     maximum limit for the native heap growth. Please use -XX:HeapBaseMinAddress
#     to set the Java Heap base and to place the Java Heap above 32GB virtual address.
# This output file may be truncated or incomplete.
#
#  Out of Memory Error (os_windows.cpp:3703), pid=4516, tid=35504
#
# JRE version:  (23.0.1+11) (build )
# Java VM: Java HotSpot(TM) 64-Bit Server VM (23.0.1+11-39, mixed mode, sharing, tiered, compressed oops, compressed class ptrs, g1 gc, windows-amd64)
# No core dump will be written. Minidumps are not enabled by default on client versions of Windows
#

---------------  S U M M A R Y ------------

Command Line: -Dclassworlds.conf=C:\Program Files\Apache\Maven\apache-maven-3.9.9\bin\m2.conf -Dmaven.home=C:\Program Files\Apache\Maven\apache-maven-3.9.9 -Dlibrary.jansi.path=C:\Program Files\Apache\Maven\apache-maven-3.9.9\lib\jansi-native -Dmaven.multiModuleProjectDirectory=C:\Users\astor\OneDrive\Dokumen\NetBeansProjects\Tutorial-week03-socket2 org.codehaus.plexus.classworlds.launcher.Launcher -Dexec.vmArgs= -Dexec.args=${exec.vmArgs} -classpath %classpath ${exec.mainClass} ${exec.appArgs} -Dexec.executable=C:\Program Files\Java\jdk-23\bin\java.exe -Dexec.mainClass=com.mycompany.tutorial.week03.socket2.SimpleChatClient -Dexec.classpathScope=runtime -Dexec.appArgs= -Dmaven.ext.class.path=C:\Program Files\NetBeans-24\netbeans\java\maven-nblib\netbeans-eventspy.jar --no-transfer-progress process-classes org.codehaus.mojo:exec-maven-plugin:3.1.0:exec

Host: 12th Gen Intel(R) Core(TM) i5-12500H, 16 cores, 15G,  Windows 11 , 64 bit Build 26100 (10.0.26100.7920)
Time: Sat Apr  4 12:13:09 2026 Sri Lanka Standard Time elapsed time: 0.012448 seconds (0d 0h 0m 0s)

---------------  T H R E A D  ---------------

Current thread (0x00000168a281f550):  JavaThread "Unknown thread" [_thread_in_vm, id=35504, stack(0x00000036bcf00000,0x00000036bd000000) (1024K)]

Stack: [0x00000036bcf00000,0x00000036bd000000]
Native frames: (J=compiled Java code, j=interpreted, Vv=VM code, C=native code)
V  [jvm.dll+0x6e08b9]  (no source info available)
V  [jvm.dll+0x87dc83]  (no source info available)
V  [jvm.dll+0x88010e]  (no source info available)
V  [jvm.dll+0x8807e3]  (no source info available)
V  [jvm.dll+0x27aee6]  (no source info available)
V  [jvm.dll+0x6dd1c5]  (no source info available)
V  [jvm.dll+0x6d104a]  (no source info available)
V  [jvm.dll+0x35b3ea]  (no source info available)
V  [jvm.dll+0x3637f6]  (no source info available)
V  [jvm.dll+0x34fd5e]  (no source info available)
V  [jvm.dll+0x34fff8]  (no source info available)
V  [jvm.dll+0x3289cc]  (no source info available)
V  [jvm.dll+0x32966e]  (no source info available)
V  [jvm.dll+0x844355]  (no source info available)
V  [jvm.dll+0x3b9848]  (no source info available)
V  [jvm.dll+0x82d14c]  (no source info available)
V  [jvm.dll+0x454d4e]  (no source info available)
V  [jvm.dll+0x456bd1]  (no source info available)
C  [jli.dll+0x52a3]  (no source info available)
C  [ucrtbase.dll+0x37b0]  (no source info available)
C  [KERNEL32.DLL+0x2e8d7]  (no source info available)
C  [ntdll.dll+0x8c48c]  (no source info available)

Lock stack of current Java thread (top to bottom):


---------------  P R O C E S S  ---------------

Threads class SMR info:
_java_thread_list=0x00007ffd737c3618, length=0, elements={
}

Java Threads: ( => current thread )
Total: 0

Other Threads:
  0x00000168a2887550 WorkerThread "GC Thread#0"                     [id=36540, stack(0x00000036bd000000,0x00000036bd100000) (1024K)]
  0x00000168a289ce90 ConcurrentGCThread "G1 Main Marker"            [id=28748, stack(0x00000036bd100000,0x00000036bd200000) (1024K)]
  0x00000168a289d8b0 WorkerThread "G1 Conc#0"                       [id=9652, stack(0x00000036bd200000,0x00000036bd300000) (1024K)]

[error occurred during error reporting (printing all threads), id 0xc0000005, EXCEPTION_ACCESS_VIOLATION (0xc0000005) at pc=0x00007ffd72f0bfba]
VM state: not at safepoint (not fully initialized)

VM Mutex/Monitor currently owned by a thread:  ([mutex/lock_event])
[0x00007ffd73843a10] Heap_lock - owner thread: 0x00000168a281f550

Heap address: 0x0000000704e00000, size: 4018 MB, Compressed Oops mode: Zero based, Oop shift amount: 3

CDS archive(s) mapped at: [0x0000000000000000-0x0000000000000000-0x0000000000000000), size 0, SharedBaseAddress: 0x0000000800000000, ArchiveRelocationMode: 1.
Narrow klass base: 0x0000000000000000, Narrow klass shift: 0, Narrow klass range: 0x0

GC Precious Log:
 CardTable entry size: 512
 Card Set container configuration: InlinePtr #cards 4 size 8 Array Of Cards #cards 16 size 48 Howl #buckets 8 coarsen threshold 3686 Howl Bitmap #cards 512 size 80 coarsen threshold 460 Card regions per heap region 1 cards per card region 4096

Heap:
 garbage-first heap   total reserved 4114432K, committed 0K, used 0K [0x0000000704e00000, 0x0000000800000000)
  region size 2048K, 0 young (0K), 0 survivors (0K)

[error occurred during error reporting (printing heap information), id 0xc0000005, EXCEPTION_ACCESS_VIOLATION (0xc0000005) at pc=0x00007ffd7330c3c9]
GC Heap History (0 events):
No events

Dll operation events (1 events):
Event: 0.006 Loaded shared library C:\Program Files\Java\jdk-23\bin\java.dll

Deoptimization events (0 events):
No events

Classes loaded (0 events):
No events

Classes unloaded (0 events):
No events

Classes redefined (0 events):
No events

Internal exceptions (0 events):
No events

VM Operations (0 events):
No events

Memory protections (0 events):
No events

Nmethod flushes (0 events):
No events

Events (0 events):
No events


Dynamic libraries:
0x00007ff6ca260000 - 0x00007ff6ca270000 	C:\Program Files\Java\jdk-23\bin\java.exe
0x00007ffe6ca00000 - 0x00007ffe6cc67000 	C:\WINDOWS\SYSTEM32\ntdll.dll
0x00007ffe6b580000 - 0x00007ffe6b649000 	C:\WINDOWS\System32\KERNEL32.DLL
0x00007ffe692e0000 - 0x00007ffe696d1000 	C:\WINDOWS\System32\KERNELBASE.dll
0x00007ffe69c70000 - 0x00007ffe69dbb000 	C:\WINDOWS\System32\ucrtbase.dll
0x00007ffe50850000 - 0x00007ffe5086b000 	C:\Program Files\Java\jdk-23\bin\VCRUNTIME140.dll
0x00007ffe52d90000 - 0x00007ffe52da7000 	C:\Program Files\Java\jdk-23\bin\jli.dll
0x00007ffe6b200000 - 0x00007ffe6b3c5000 	C:\WINDOWS\System32\USER32.dll
0x00007ffe696e0000 - 0x00007ffe69707000 	C:\WINDOWS\System32\win32u.dll
0x00007ffe43920000 - 0x00007ffe43bb3000 	C:\WINDOWS\WinSxS\amd64_microsoft.windows.common-controls_6595b64144ccf1df_6.0.26100.7922_none_3e089e1ee3342171\COMCTL32.dll
0x00007ffe6c8c0000 - 0x00007ffe6c8eb000 	C:\WINDOWS\System32\GDI32.dll
0x00007ffe69710000 - 0x00007ffe6983a000 	C:\WINDOWS\System32\gdi32full.dll
0x00007ffe6b7f0000 - 0x00007ffe6b899000 	C:\WINDOWS\System32\msvcrt.dll
0x00007ffe69bc0000 - 0x00007ffe69c63000 	C:\WINDOWS\System32\msvcp_win.dll
0x00007ffe6aa10000 - 0x00007ffe6aa41000 	C:\WINDOWS\System32\IMM32.DLL
0x00007ffe5e9e0000 - 0x00007ffe5e9ec000 	C:\Program Files\Java\jdk-23\bin\vcruntime140_1.dll
0x00007ffe355b0000 - 0x00007ffe3563e000 	C:\Program Files\Java\jdk-23\bin\msvcp140.dll
0x00007ffd72bd0000 - 0x00007ffd7391f000 	C:\Program Files\Java\jdk-23\bin\server\jvm.dll
0x00007ffe6c900000 - 0x00007ffe6c9bb000 	C:\WINDOWS\System32\ADVAPI32.dll
0x00007ffe6c430000 - 0x00007ffe6c4d7000 	C:\WINDOWS\System32\sechost.dll
0x00007ffe6b460000 - 0x00007ffe6b578000 	C:\WINDOWS\System32\RPCRT4.dll
0x00007ffe6c660000 - 0x00007ffe6c6d4000 	C:\WINDOWS\System32\WS2_32.dll
0x00007ffe69140000 - 0x00007ffe6919e000 	C:\WINDOWS\SYSTEM32\POWRPROF.dll
0x00007ffe5def0000 - 0x00007ffe5df25000 	C:\WINDOWS\SYSTEM32\WINMM.dll
0x00007ffe5fe20000 - 0x00007ffe5fe2b000 	C:\WINDOWS\SYSTEM32\VERSION.dll
0x00007ffe69120000 - 0x00007ffe69134000 	C:\WINDOWS\SYSTEM32\UMPDC.dll
0x00007ffe68040000 - 0x00007ffe6805b000 	C:\WINDOWS\SYSTEM32\kernel.appcore.dll
0x00007ffe55820000 - 0x00007ffe5582a000 	C:\Program Files\Java\jdk-23\bin\jimage.dll
0x00007ffe67180000 - 0x00007ffe673c2000 	C:\WINDOWS\SYSTEM32\DBGHELP.DLL
0x00007ffe6c0a0000 - 0x00007ffe6c422000 	C:\WINDOWS\System32\combase.dll
0x00007ffe6a930000 - 0x00007ffe6aa07000 	C:\WINDOWS\System32\OLEAUT32.dll
0x00007ffe49340000 - 0x00007ffe4937b000 	C:\WINDOWS\SYSTEM32\dbgcore.DLL
0x00007ffe69840000 - 0x00007ffe698e5000 	C:\WINDOWS\System32\bcryptPrimitives.dll
0x00007ffe507b0000 - 0x00007ffe507ce000 	C:\Program Files\Java\jdk-23\bin\java.dll
0x00007ffe6b650000 - 0x00007ffe6b7e5000 	C:\WINDOWS\System32\ole32.dll
0x00007ffe6b8a0000 - 0x00007ffe6bfff000 	C:\WINDOWS\System32\SHELL32.dll
0x00007ffe69dc0000 - 0x00007ffe69f2a000 	C:\WINDOWS\System32\wintypes.dll

dbghelp: loaded successfully - version: 4.0.5 - missing functions: none
symbol engine: initialized successfully - sym options: 0x614 - pdb path: .;C:\Program Files\Java\jdk-23\bin;C:\WINDOWS\SYSTEM32;C:\WINDOWS\WinSxS\amd64_microsoft.windows.common-controls_6595b64144ccf1df_6.0.26100.7922_none_3e089e1ee3342171;C:\Program Files\Java\jdk-23\bin\server

VM Arguments:
jvm_args: -Dclassworlds.conf=C:\Program Files\Apache\Maven\apache-maven-3.9.9\bin\m2.conf -Dmaven.home=C:\Program Files\Apache\Maven\apache-maven-3.9.9 -Dlibrary.jansi.path=C:\Program Files\Apache\Maven\apache-maven-3.9.9\lib\jansi-native -Dmaven.multiModuleProjectDirectory=C:\Users\astor\OneDrive\Dokumen\NetBeansProjects\Tutorial-week03-socket2 
java_command: org.codehaus.plexus.classworlds.launcher.Launcher -Dexec.vmArgs= -Dexec.args=${exec.vmArgs} -classpath %classpath ${exec.mainClass} ${exec.appArgs} -Dexec.executable=C:\Program Files\Java\jdk-23\bin\java.exe -Dexec.mainClass=com.mycompany.tutorial.week03.socket2.SimpleChatClient -Dexec.classpathScope=runtime -Dexec.appArgs= -Dmaven.ext.class.path=C:\Program Files\NetBeans-24\netbeans\java\maven-nblib\netbeans-eventspy.jar --no-transfer-progress process-classes org.codehaus.mojo:exec-maven-plugin:3.1.0:exec
java_class_path (initial): C:\Program Files\Apache\Maven\apache-maven-3.9.9\boot\plexus-classworlds-2.8.0.jar
Launcher Type: SUN_STANDARD

[Global flags]
     intx CICompilerCount                          = 12                                        {product} {ergonomic}
     uint ConcGCThreads                            = 3                                         {product} {ergonomic}
     uint G1ConcRefinementThreads                  = 13                                        {product} {ergonomic}
   size_t G1HeapRegionSize                         = 2097152                                   {product} {ergonomic}
   size_t InitialHeapSize                          = 264241152                                 {product} {ergonomic}
   size_t MarkStackSize                            = 4194304                                   {product} {ergonomic}
   size_t MarkStackSizeMax                         = 536870912                                 {product} {ergonomic}
   size_t MaxHeapSize                              = 4213178368                                {product} {ergonomic}
   size_t MinHeapDeltaBytes                        = 2097152                                   {product} {ergonomic}
   size_t MinHeapSize                              = 8388608                                   {product} {ergonomic}
    uintx NonNMethodCodeHeapSize                   = 7602176                                {pd product} {ergonomic}
    uintx NonProfiledCodeHeapSize                  = 122093568                              {pd product} {ergonomic}
    uintx ProfiledCodeHeapSize                     = 121962496                              {pd product} {ergonomic}
    uintx ReservedCodeCacheSize                    = 251658240                              {pd product} {ergonomic}
     bool SegmentedCodeCache                       = true                                      {product} {ergonomic}
   size_t SoftMaxHeapSize                          = 4213178368                             {manageable} {ergonomic}
     bool UseCompressedOops                        = true                           {product lp64_product} {ergonomic}
     bool UseG1GC                                  = true                                      {product} {ergonomic}
     bool UseLargePagesIndividualAllocation        = false                                  {pd product} {ergonomic}

Logging:
Log output configuration:
 #0: stdout all=warning uptime,level,tags foldmultilines=false
 #1: stderr all=off uptime,level,tags foldmultilines=false

Environment Variables:
JAVA_HOME=C:\Program Files\Java\jdk-23
PATH=C:\Program Files\Common Files\Oracle\Java\javapath;C:\Windows\system32;C:\Windows;C:\Windows\System32\Wbem;C:\Windows\System32\WindowsPowerShell\v1.0\;C:\Windows\System32\OpenSSH\;C:\Program Files\dotnet\;C:\Program Files\NVIDIA Corporation\NVIDIA NvDLISR;C:\WINDOWS\system32;C:\WINDOWS;C:\WINDOWS\System32\Wbem;C:\WINDOWS\System32\WindowsPowerShell\v1.0\;C:\WINDOWS\System32\OpenSSH\;C:\Program Files\Java\jdk-23\bin;C:\Program Files (x86)\NVIDIA Corporation\PhysX\Common;C:\Program Files\Git\cmd;C:\Program Files\Apache\Maven\apache-maven-3.9.9\bin;C:\Users\astor\AppData\Local\nvm;C:\nvm4w\nodejs;C:\Program Files\Calibre2\;C:\Program Files\MongoDB\Server\8.2\bin;C:\Users\astor\AppData\Local\Programs\Python\Python313\Scripts\;C:\Users\astor\AppData\Local\Programs\Python\Python313\;C:\Users\astor\AppData\Local\Microsoft\WindowsApps;C:\Program Files\JetBrains\IntelliJ IDEA 2024.3\bin;;C:\Users\astor\AppData\Local\Programs\Microsoft VS Code\bin;C:\Users\astor\AppData\Roaming\npm;C:\Users\astor\AppData\Local\Programs\cursor\resources\app\bin;C:\Users\astor\.dotnet\tools;C:\Users\astor\AppData\Local\nvm;C:\nvm4w\nodejs
USERNAME=astor
OS=Windows_NT
PROCESSOR_IDENTIFIER=Intel64 Family 6 Model 154 Stepping 3, GenuineIntel
TMP=C:\Users\astor\AppData\Local\Temp
TEMP=C:\Users\astor\AppData\Local\Temp




Periodic native trim disabled

---------------  S Y S T E M  ---------------

OS:
 Windows 11 , 64 bit Build 26100 (10.0.26100.7920)
OS uptime: 1 days 0:36 hours
Hyper-V role detected

CPU: total 16 (initial active 16) (8 cores per cpu, 2 threads per core) family 6 model 154 stepping 3 microcode 0x43b, cx8, cmov, fxsr, ht, mmx, 3dnowpref, sse, sse2, sse3, ssse3, sse4.1, sse4.2, popcnt, lzcnt, tsc, tscinvbit, avx, avx2, aes, erms, clmul, bmi1, bmi2, adx, sha, fma, vzeroupper, clflush, clflushopt, clwb, hv, serialize, rdtscp, rdpid, fsrm, gfni, f16c, cet_ibt, cet_ss
Processor Information for processor 0
  Max Mhz: 2500, Current Mhz: 2500, Mhz Limit: 2500
Processor Information for processor 1
  Max Mhz: 2500, Current Mhz: 2500, Mhz Limit: 2500
Processor Information for processor 2
  Max Mhz: 2500, Current Mhz: 2500, Mhz Limit: 2500
Processor Information for processor 3
  Max Mhz: 2500, Current Mhz: 2500, Mhz Limit: 2500
Processor Information for processor 4
  Max Mhz: 2500, Current Mhz: 2500, Mhz Limit: 2500
Processor Information for processor 5
  Max Mhz: 2500, Current Mhz: 2500, Mhz Limit: 2500
Processor Information for processor 6
  Max Mhz: 2500, Current Mhz: 2500, Mhz Limit: 2500
Processor Information for processor 7
  Max Mhz: 2500, Current Mhz: 2500, Mhz Limit: 2500
Processor Information for processor 8
  Max Mhz: 2500, Current Mhz: 1527, Mhz Limit: 2500
Processor Information for processor 9
  Max Mhz: 2500, Current Mhz: 1527, Mhz Limit: 2500
Processor Information for processor 10
  Max Mhz: 2500, Current Mhz: 2500, Mhz Limit: 2500
Processor Information for processor 11
  Max Mhz: 2500, Current Mhz: 1527, Mhz Limit: 2500
Processor Information for processor 12
  Max Mhz: 2500, Current Mhz: 1527, Mhz Limit: 2500
Processor Information for processor 13
  Max Mhz: 2500, Current Mhz: 1527, Mhz Limit: 2500
Processor Information for processor 14
  Max Mhz: 2500, Current Mhz: 2500, Mhz Limit: 2500
Processor Information for processor 15
  Max Mhz: 2500, Current Mhz: 2500, Mhz Limit: 2500

Memory: 4k page, system-wide physical 16068M (2021M free)
TotalPageFile size 33170M (AvailPageFile size 184M)
current process WorkingSet (physical memory assigned to process): 13M, peak: 13M
current process commit charge ("private bytes"): 71M, peak: 323M

vm_info: Java HotSpot(TM) 64-Bit Server VM (23.0.1+11-39) for windows-amd64 JRE (23.0.1+11-39), built on 2024-09-30T07:20:43Z with MS VC++ 17.6 (VS2022)

END.
